The system is: Linux - 3.13.0-32-generic - x86_64
Compiling the C compiler identification source file "CMakeCCompilerId.c" succeeded.
Compiler: /usr/bin/cc 
Build flags: 
Id flags: 

The output was:
0


Compilation of the C compiler identification source "CMakeCCompilerId.c" produced "a.out"

The C compiler identification is GNU, found in "/home/mgpeter/Documents/XViz/miniGraphics/Composition/IceT-2-1-1/build/CMakeFiles/3.5.2/CompilerIdC/a.out"

Determining if the C compiler works passed with the following output:
Change Dir: /home/mgpeter/Documents/XViz/miniGraphics/Composition/IceT-2-1-1/build/CMakeFiles/CMakeTmp

Run Build Command:"/usr/bin/make" "cmTC_bb70e/fast"
/usr/bin/make -f CMakeFiles/cmTC_bb70e.dir/build.make CMakeFiles/cmTC_bb70e.dir/build
make[1]: Entering directory `/home/mgpeter/Documents/XViz/miniGraphics/Composition/IceT-2-1-1/build/CMakeFiles/CMakeTmp'
Building C object CMakeFiles/cmTC_bb70e.dir/testCCompiler.c.o
/usr/bin/cc     -o CMakeFiles/cmTC_bb70e.dir/testCCompiler.c.o   -c /home/mgpeter/Documents/XViz/miniGraphics/Composition/IceT-2-1-1/build/CMakeFiles/CMakeTmp/testCCompiler.c
Linking C executable cmTC_bb70e
/usr/local/bin/cmake -E cmake_link_script CMakeFiles/cmTC_bb70e.dir/link.txt --verbose=1
/usr/bin/cc       CMakeFiles/cmTC_bb70e.dir/testCCompiler.c.o  -o cmTC_bb70e -rdynamic 
make[1]: Leaving directory `/home/mgpeter/Documents/XViz/miniGraphics/Composition/IceT-2-1-1/build/CMakeFiles/CMakeTmp'


Detecting C compiler ABI info compiled with the following output:
Change Dir: /home/mgpeter/Documents/XViz/miniGraphics/Composition/IceT-2-1-1/build/CMakeFiles/CMakeTmp

Run Build Command:"/usr/bin/make" "cmTC_15f4b/fast"
/usr/bin/make -f CMakeFiles/cmTC_15f4b.dir/build.make CMakeFiles/cmTC_15f4b.dir/build
make[1]: Entering directory `/home/mgpeter/Documents/XViz/miniGraphics/Composition/IceT-2-1-1/build/CMakeFiles/CMakeTmp'
Building C object CMakeFiles/cmTC_15f4b.dir/CMakeCCompilerABI.c.o
/usr/bin/cc     -o CMakeFiles/cmTC_15f4b.dir/CMakeCCompilerABI.c.o   -c /usr/local/share/cmake-3.5/Modules/CMakeCCompilerABI.c
Linking C executable cmTC_15f4b
/usr/local/bin/cmake -E cmake_link_script CMakeFiles/cmTC_15f4b.dir/link.txt --verbose=1
/usr/bin/cc      -v CMakeFiles/cmTC_15f4b.dir/CMakeCCompilerABI.c.o  -o cmTC_15f4b -rdynamic  
Using built-in specs.
COLLECT_GCC=/usr/bin/cc
COLLECT_LTO_WRAPPER=/usr/lib/gcc/x86_64-linux-gnu/4.8/lto-wrapper
Target: x86_64-linux-gnu
Configured with: ../src/configure -v --with-pkgversion='Ubuntu 4.8.4-2ubuntu1~14.04.1' --with-bugurl=file:///usr/share/doc/gcc-4.8/README.Bugs --enable-languages=c,c++,java,go,d,fortran,objc,obj-c++ --prefix=/usr --program-suffix=-4.8 --enable-shared --enable-linker-build-id --libexecdir=/usr/lib --without-included-gettext --enable-threads=posix --with-gxx-include-dir=/usr/include/c++/4.8 --libdir=/usr/lib --enable-nls --with-sysroot=/ --enable-clocale=gnu --enable-libstdcxx-debug --enable-libstdcxx-time=yes --enable-gnu-unique-object --disable-libmudflap --enable-plugin --with-system-zlib --disable-browser-plugin --enable-java-awt=gtk --enable-gtk-cairo --with-java-home=/usr/lib/jvm/java-1.5.0-gcj-4.8-amd64/jre --enable-java-home --with-jvm-root-dir=/usr/lib/jvm/java-1.5.0-gcj-4.8-amd64 --with-jvm-jar-dir=/usr/lib/jvm-exports/java-1.5.0-gcj-4.8-amd64 --with-arch-directory=amd64 --with-ecj-jar=/usr/share/java/eclipse-ecj.jar --enable-objc-gc --enable-multiarch --disable-werror --with-arch-32=i686 --with-abi=m64 --with-multilib-list=m32,m64,mx32 --with-tune=generic --enable-checking=release --build=x86_64-linux-gnu --host=x86_64-linux-gnu --target=x86_64-linux-gnu
Thread model: posix
gcc version 4.8.4 (Ubuntu 4.8.4-2ubuntu1~14.04.1) 
COMPILER_PATH=/usr/lib/gcc/x86_64-linux-gnu/4.8/:/usr/lib/gcc/x86_64-linux-gnu/4.8/:/usr/lib/gcc/x86_64-linux-gnu/:/usr/lib/gcc/x86_64-linux-gnu/4.8/:/usr/lib/gcc/x86_64-linux-gnu/
LIBRARY_PATH=/usr/lib/gcc/x86_64-linux-gnu/4.8/:/usr/lib/gcc/x86_64-linux-gnu/4.8/../../../x86_64-linux-gnu/:/usr/lib/gcc/x86_64-linux-gnu/4.8/../../../../lib/:/lib/x86_64-linux-gnu/:/lib/../lib/:/usr/lib/x86_64-linux-gnu/:/usr/lib/../lib/:/usr/lib/gcc/x86_64-linux-gnu/4.8/../../../:/lib/:/usr/lib/
COLLECT_GCC_OPTIONS='-v' '-o' 'cmTC_15f4b' '-rdynamic' '-mtune=generic' '-march=x86-64'
 /usr/lib/gcc/x86_64-linux-gnu/4.8/collect2 --sysroot=/ --build-id --eh-frame-hdr -m elf_x86_64 --hash-style=gnu --as-needed -export-dynamic -dynamic-linker /lib64/ld-linux-x86-64.so.2 -z relro -o cmTC_15f4b /usr/lib/gcc/x86_64-linux-gnu/4.8/../../../x86_64-linux-gnu/crt1.o /usr/lib/gcc/x86_64-linux-gnu/4.8/../../../x86_64-linux-gnu/crti.o /usr/lib/gcc/x86_64-linux-gnu/4.8/crtbegin.o -L/usr/lib/gcc/x86_64-linux-gnu/4.8 -L/usr/lib/gcc/x86_64-linux-gnu/4.8/../../../x86_64-linux-gnu -L/usr/lib/gcc/x86_64-linux-gnu/4.8/../../../../lib -L/lib/x86_64-linux-gnu -L/lib/../lib -L/usr/lib/x86_64-linux-gnu -L/usr/lib/../lib -L/usr/lib/gcc/x86_64-linux-gnu/4.8/../../.. CMakeFiles/cmTC_15f4b.dir/CMakeCCompilerABI.c.o -lgcc --as-needed -lgcc_s --no-as-needed -lc -lgcc --as-needed -lgcc_s --no-as-needed /usr/lib/gcc/x86_64-linux-gnu/4.8/crtend.o /usr/lib/gcc/x86_64-linux-gnu/4.8/../../../x86_64-linux-gnu/crtn.o
make[1]: Leaving directory `/home/mgpeter/Documents/XViz/miniGraphics/Composition/IceT-2-1-1/build/CMakeFiles/CMakeTmp'


Parsed C implicit link information from above output:
  link line regex: [^( *|.*[/\])(ld|([^/\]+-)?ld|collect2)[^/\]*( |$)]
  ignore line: [Change Dir: /home/mgpeter/Documents/XViz/miniGraphics/Composition/IceT-2-1-1/build/CMakeFiles/CMakeTmp]
  ignore line: []
  ignore line: [Run Build Command:"/usr/bin/make" "cmTC_15f4b/fast"]
  ignore line: [/usr/bin/make -f CMakeFiles/cmTC_15f4b.dir/build.make CMakeFiles/cmTC_15f4b.dir/build]
  ignore line: [make[1]: Entering directory `/home/mgpeter/Documents/XViz/miniGraphics/Composition/IceT-2-1-1/build/CMakeFiles/CMakeTmp']
  ignore line: [Building C object CMakeFiles/cmTC_15f4b.dir/CMakeCCompilerABI.c.o]
  ignore line: [/usr/bin/cc     -o CMakeFiles/cmTC_15f4b.dir/CMakeCCompilerABI.c.o   -c /usr/local/share/cmake-3.5/Modules/CMakeCCompilerABI.c]
  ignore line: [Linking C executable cmTC_15f4b]
  ignore line: [/usr/local/bin/cmake -E cmake_link_script CMakeFiles/cmTC_15f4b.dir/link.txt --verbose=1]
  ignore line: [/usr/bin/cc      -v CMakeFiles/cmTC_15f4b.dir/CMakeCCompilerABI.c.o  -o cmTC_15f4b -rdynamic  ]
  ignore line: [Using built-in specs.]
  ignore line: [COLLECT_GCC=/usr/bin/cc]
  ignore line: [COLLECT_LTO_WRAPPER=/usr/lib/gcc/x86_64-linux-gnu/4.8/lto-wrapper]
  ignore line: [Target: x86_64-linux-gnu]
  ignore line: [Configured with: ../src/configure -v --with-pkgversion='Ubuntu 4.8.4-2ubuntu1~14.04.1' --with-bugurl=file:///usr/share/doc/gcc-4.8/README.Bugs --enable-languages=c,c++,java,go,d,fortran,objc,obj-c++ --prefix=/usr --program-suffix=-4.8 --enable-shared --enable-linker-build-id --libexecdir=/usr/lib --without-included-gettext --enable-threads=posix --with-gxx-include-dir=/usr/include/c++/4.8 --libdir=/usr/lib --enable-nls --with-sysroot=/ --enable-clocale=gnu --enable-libstdcxx-debug --enable-libstdcxx-time=yes --enable-gnu-unique-object --disable-libmudflap --enable-plugin --with-system-zlib --disable-browser-plugin --enable-java-awt=gtk --enable-gtk-cairo --with-java-home=/usr/lib/jvm/java-1.5.0-gcj-4.8-amd64/jre --enable-java-home --with-jvm-root-dir=/usr/lib/jvm/java-1.5.0-gcj-4.8-amd64 --with-jvm-jar-dir=/usr/lib/jvm-exports/java-1.5.0-gcj-4.8-amd64 --with-arch-directory=amd64 --with-ecj-jar=/usr/share/java/eclipse-ecj.jar --enable-objc-gc --enable-multiarch --disable-werror --with-arch-32=i686 --with-abi=m64 --with-multilib-list=m32,m64,mx32 --with-tune=generic --enable-checking=release --build=x86_64-linux-gnu --host=x86_64-linux-gnu --target=x86_64-linux-gnu]
  ignore line: [Thread model: posix]
  ignore line: [gcc version 4.8.4 (Ubuntu 4.8.4-2ubuntu1~14.04.1) ]
  ignore line: [COMPILER_PATH=/usr/lib/gcc/x86_64-linux-gnu/4.8/:/usr/lib/gcc/x86_64-linux-gnu/4.8/:/usr/lib/gcc/x86_64-linux-gnu/:/usr/lib/gcc/x86_64-linux-gnu/4.8/:/usr/lib/gcc/x86_64-linux-gnu/]
  ignore line: [LIBRARY_PATH=/usr/lib/gcc/x86_64-linux-gnu/4.8/:/usr/lib/gcc/x86_64-linux-gnu/4.8/../../../x86_64-linux-gnu/:/usr/lib/gcc/x86_64-linux-gnu/4.8/../../../../lib/:/lib/x86_64-linux-gnu/:/lib/../lib/:/usr/lib/x86_64-linux-gnu/:/usr/lib/../lib/:/usr/lib/gcc/x86_64-linux-gnu/4.8/../../../:/lib/:/usr/lib/]
  ignore line: [COLLECT_GCC_OPTIONS='-v' '-o' 'cmTC_15f4b' '-rdynamic' '-mtune=generic' '-march=x86-64']
  link line: [ /usr/lib/gcc/x86_64-linux-gnu/4.8/collect2 --sysroot=/ --build-id --eh-frame-hdr -m elf_x86_64 --hash-style=gnu --as-needed -export-dynamic -dynamic-linker /lib64/ld-linux-x86-64.so.2 -z relro -o cmTC_15f4b /usr/lib/gcc/x86_64-linux-gnu/4.8/../../../x86_64-linux-gnu/crt1.o /usr/lib/gcc/x86_64-linux-gnu/4.8/../../../x86_64-linux-gnu/crti.o /usr/lib/gcc/x86_64-linux-gnu/4.8/crtbegin.o -L/usr/lib/gcc/x86_64-linux-gnu/4.8 -L/usr/lib/gcc/x86_64-linux-gnu/4.8/../../../x86_64-linux-gnu -L/usr/lib/gcc/x86_64-linux-gnu/4.8/../../../../lib -L/lib/x86_64-linux-gnu -L/lib/../lib -L/usr/lib/x86_64-linux-gnu -L/usr/lib/../lib -L/usr/lib/gcc/x86_64-linux-gnu/4.8/../../.. CMakeFiles/cmTC_15f4b.dir/CMakeCCompilerABI.c.o -lgcc --as-needed -lgcc_s --no-as-needed -lc -lgcc --as-needed -lgcc_s --no-as-needed /usr/lib/gcc/x86_64-linux-gnu/4.8/crtend.o /usr/lib/gcc/x86_64-linux-gnu/4.8/../../../x86_64-linux-gnu/crtn.o]
    arg [/usr/lib/gcc/x86_64-linux-gnu/4.8/collect2] ==> ignore
    arg [--sysroot=/] ==> ignore
    arg [--build-id] ==> ignore
    arg [--eh-frame-hdr] ==> ignore
    arg [-m] ==> ignore
    arg [elf_x86_64] ==> ignore
    arg [--hash-style=gnu] ==> ignore
    arg [--as-needed] ==> ignore
    arg [-export-dynamic] ==> ignore
    arg [-dynamic-linker] ==> ignore
    arg [/lib64/ld-linux-x86-64.so.2] ==> ignore
    arg [-zrelro] ==> ignore
    arg [-o] ==> ignore
    arg [cmTC_15f4b] ==> ignore
    arg [/usr/lib/gcc/x86_64-linux-gnu/4.8/../../../x86_64-linux-gnu/crt1.o] ==> ignore
    arg [/usr/lib/gcc/x86_64-linux-gnu/4.8/../../../x86_64-linux-gnu/crti.o] ==> ignore
    arg [/usr/lib/gcc/x86_64-linux-gnu/4.8/crtbegin.o] ==> ignore
    arg [-L/usr/lib/gcc/x86_64-linux-gnu/4.8] ==> dir [/usr/lib/gcc/x86_64-linux-gnu/4.8]
    arg [-L/usr/lib/gcc/x86_64-linux-gnu/4.8/../../../x86_64-linux-gnu] ==> dir [/usr/lib/gcc/x86_64-linux-gnu/4.8/../../../x86_64-linux-gnu]
    arg [-L/usr/lib/gcc/x86_64-linux-gnu/4.8/../../../../lib] ==> dir [/usr/lib/gcc/x86_64-linux-gnu/4.8/../../../../lib]
    arg [-L/lib/x86_64-linux-gnu] ==> dir [/lib/x86_64-linux-gnu]
    arg [-L/lib/../lib] ==> dir [/lib/../lib]
    arg [-L/usr/lib/x86_64-linux-gnu] ==> dir [/usr/lib/x86_64-linux-gnu]
    arg [-L/usr/lib/../lib] ==> dir [/usr/lib/../lib]
    arg [-L/usr/lib/gcc/x86_64-linux-gnu/4.8/../../..] ==> dir [/usr/lib/gcc/x86_64-linux-gnu/4.8/../../..]
    arg [CMakeFiles/cmTC_15f4b.dir/CMakeCCompilerABI.c.o] ==> ignore
    arg [-lgcc] ==> lib [gcc]
    arg [--as-needed] ==> ignore
    arg [-lgcc_s] ==> lib [gcc_s]
    arg [--no-as-needed] ==> ignore
    arg [-lc] ==> lib [c]
    arg [-lgcc] ==> lib [gcc]
    arg [--as-needed] ==> ignore
    arg [-lgcc_s] ==> lib [gcc_s]
    arg [--no-as-needed] ==> ignore
    arg [/usr/lib/gcc/x86_64-linux-gnu/4.8/crtend.o] ==> ignore
    arg [/usr/lib/gcc/x86_64-linux-gnu/4.8/../../../x86_64-linux-gnu/crtn.o] ==> ignore
  remove lib [gcc]
  remove lib [gcc_s]
  remove lib [gcc]
  remove lib [gcc_s]
  collapse library dir [/usr/lib/gcc/x86_64-linux-gnu/4.8] ==> [/usr/lib/gcc/x86_64-linux-gnu/4.8]
  collapse library dir [/usr/lib/gcc/x86_64-linux-gnu/4.8/../../../x86_64-linux-gnu] ==> [/usr/lib/x86_64-linux-gnu]
  collapse library dir [/usr/lib/gcc/x86_64-linux-gnu/4.8/../../../../lib] ==> [/usr/lib]
  collapse library dir [/lib/x86_64-linux-gnu] ==> [/lib/x86_64-linux-gnu]
  collapse library dir [/lib/../lib] ==> [/lib]
  collapse library dir [/usr/lib/x86_64-linux-gnu] ==> [/usr/lib/x86_64-linux-gnu]
  collapse library dir [/usr/lib/../lib] ==> [/usr/lib]
  collapse library dir [/usr/lib/gcc/x86_64-linux-gnu/4.8/../../..] ==> [/usr/lib]
  implicit libs: [c]
  implicit dirs: [/usr/lib/gcc/x86_64-linux-gnu/4.8;/usr/lib/x86_64-linux-gnu;/usr/lib;/lib/x86_64-linux-gnu;/lib]
  implicit fwks: []




Detecting C [-std=c11] compiler features compiled with the following output:
Change Dir: /home/mgpeter/Documents/XViz/miniGraphics/Composition/IceT-2-1-1/build/CMakeFiles/CMakeTmp

Run Build Command:"/usr/bin/make" "cmTC_3058f/fast"
/usr/bin/make -f CMakeFiles/cmTC_3058f.dir/build.make CMakeFiles/cmTC_3058f.dir/build
make[1]: Entering directory `/home/mgpeter/Documents/XViz/miniGraphics/Composition/IceT-2-1-1/build/CMakeFiles/CMakeTmp'
Building C object CMakeFiles/cmTC_3058f.dir/feature_tests.c.o
/usr/bin/cc    -std=c11 -o CMakeFiles/cmTC_3058f.dir/feature_tests.c.o   -c /home/mgpeter/Documents/XViz/miniGraphics/Composition/IceT-2-1-1/build/CMakeFiles/feature_tests.c
Linking C executable cmTC_3058f
/usr/local/bin/cmake -E cmake_link_script CMakeFiles/cmTC_3058f.dir/link.txt --verbose=1
/usr/bin/cc       CMakeFiles/cmTC_3058f.dir/feature_tests.c.o  -o cmTC_3058f -rdynamic 
make[1]: Leaving directory `/home/mgpeter/Documents/XViz/miniGraphics/Composition/IceT-2-1-1/build/CMakeFiles/CMakeTmp'


    Feature record: C_FEATURE:1c_function_prototypes
    Feature record: C_FEATURE:1c_restrict
    Feature record: C_FEATURE:1c_static_assert
    Feature record: C_FEATURE:1c_variadic_macros


Detecting C [-std=c99] compiler features compiled with the following output:
Change Dir: /home/mgpeter/Documents/XViz/miniGraphics/Composition/IceT-2-1-1/build/CMakeFiles/CMakeTmp

Run Build Command:"/usr/bin/make" "cmTC_35317/fast"
/usr/bin/make -f CMakeFiles/cmTC_35317.dir/build.make CMakeFiles/cmTC_35317.dir/build
make[1]: Entering directory `/home/mgpeter/Documents/XViz/miniGraphics/Composition/IceT-2-1-1/build/CMakeFiles/CMakeTmp'
Building C object CMakeFiles/cmTC_35317.dir/feature_tests.c.o
/usr/bin/cc    -std=c99 -o CMakeFiles/cmTC_35317.dir/feature_tests.c.o   -c /home/mgpeter/Documents/XViz/miniGraphics/Composition/IceT-2-1-1/build/CMakeFiles/feature_tests.c
Linking C executable cmTC_35317
/usr/local/bin/cmake -E cmake_link_script CMakeFiles/cmTC_35317.dir/link.txt --verbose=1
/usr/bin/cc       CMakeFiles/cmTC_35317.dir/feature_tests.c.o  -o cmTC_35317 -rdynamic 
make[1]: Leaving directory `/home/mgpeter/Documents/XViz/miniGraphics/Composition/IceT-2-1-1/build/CMakeFiles/CMakeTmp'


    Feature record: C_FEATURE:1c_function_prototypes
    Feature record: C_FEATURE:1c_restrict
    Feature record: C_FEATURE:0c_static_assert
    Feature record: C_FEATURE:1c_variadic_macros


Detecting C [-std=c90] compiler features compiled with the following output:
Change Dir: /home/mgpeter/Documents/XViz/miniGraphics/Composition/IceT-2-1-1/build/CMakeFiles/CMakeTmp

Run Build Command:"/usr/bin/make" "cmTC_2f4e8/fast"
/usr/bin/make -f CMakeFiles/cmTC_2f4e8.dir/build.make CMakeFiles/cmTC_2f4e8.dir/build
make[1]: Entering directory `/home/mgpeter/Documents/XViz/miniGraphics/Composition/IceT-2-1-1/build/CMakeFiles/CMakeTmp'
Building C object CMakeFiles/cmTC_2f4e8.dir/feature_tests.c.o
/usr/bin/cc    -std=c90 -o CMakeFiles/cmTC_2f4e8.dir/feature_tests.c.o   -c /home/mgpeter/Documents/XViz/miniGraphics/Composition/IceT-2-1-1/build/CMakeFiles/feature_tests.c
Linking C executable cmTC_2f4e8
/usr/local/bin/cmake -E cmake_link_script CMakeFiles/cmTC_2f4e8.dir/link.txt --verbose=1
/usr/bin/cc       CMakeFiles/cmTC_2f4e8.dir/feature_tests.c.o  -o cmTC_2f4e8 -rdynamic 
make[1]: Leaving directory `/home/mgpeter/Documents/XViz/miniGraphics/Composition/IceT-2-1-1/build/CMakeFiles/CMakeTmp'


    Feature record: C_FEATURE:1c_function_prototypes
    Feature record: C_FEATURE:0c_restrict
    Feature record: C_FEATURE:0c_static_assert
    Feature record: C_FEATURE:0c_variadic_macros
Determining if the include file sys/types.h exists passed with the following output:
Change Dir: /home/mgpeter/Documents/XViz/miniGraphics/Composition/IceT-2-1-1/build/CMakeFiles/CMakeTmp

Run Build Command:"/usr/bin/make" "cmTC_bf767/fast"
/usr/bin/make -f CMakeFiles/cmTC_bf767.dir/build.make CMakeFiles/cmTC_bf767.dir/build
make[1]: Entering directory `/home/mgpeter/Documents/XViz/miniGraphics/Composition/IceT-2-1-1/build/CMakeFiles/CMakeTmp'
Building C object CMakeFiles/cmTC_bf767.dir/CheckIncludeFile.c.o
/usr/bin/cc     -o CMakeFiles/cmTC_bf767.dir/CheckIncludeFile.c.o   -c /home/mgpeter/Documents/XViz/miniGraphics/Composition/IceT-2-1-1/build/CMakeFiles/CMakeTmp/CheckIncludeFile.c
Linking C executable cmTC_bf767
/usr/local/bin/cmake -E cmake_link_script CMakeFiles/cmTC_bf767.dir/link.txt --verbose=1
/usr/bin/cc       CMakeFiles/cmTC_bf767.dir/CheckIncludeFile.c.o  -o cmTC_bf767 -rdynamic 
make[1]: Leaving directory `/home/mgpeter/Documents/XViz/miniGraphics/Composition/IceT-2-1-1/build/CMakeFiles/CMakeTmp'


Determining if the include file stdint.h exists passed with the following output:
Change Dir: /home/mgpeter/Documents/XViz/miniGraphics/Composition/IceT-2-1-1/build/CMakeFiles/CMakeTmp

Run Build Command:"/usr/bin/make" "cmTC_ee200/fast"
/usr/bin/make -f CMakeFiles/cmTC_ee200.dir/build.make CMakeFiles/cmTC_ee200.dir/build
make[1]: Entering directory `/home/mgpeter/Documents/XViz/miniGraphics/Composition/IceT-2-1-1/build/CMakeFiles/CMakeTmp'
Building C object CMakeFiles/cmTC_ee200.dir/CheckIncludeFile.c.o
/usr/bin/cc     -o CMakeFiles/cmTC_ee200.dir/CheckIncludeFile.c.o   -c /home/mgpeter/Documents/XViz/miniGraphics/Composition/IceT-2-1-1/build/CMakeFiles/CMakeTmp/CheckIncludeFile.c
Linking C executable cmTC_ee200
/usr/local/bin/cmake -E cmake_link_script CMakeFiles/cmTC_ee200.dir/link.txt --verbose=1
/usr/bin/cc       CMakeFiles/cmTC_ee200.dir/CheckIncludeFile.c.o  -o cmTC_ee200 -rdynamic 
make[1]: Leaving directory `/home/mgpeter/Documents/XViz/miniGraphics/Composition/IceT-2-1-1/build/CMakeFiles/CMakeTmp'


Determining if the include file stddef.h exists passed with the following output:
Change Dir: /home/mgpeter/Documents/XViz/miniGraphics/Composition/IceT-2-1-1/build/CMakeFiles/CMakeTmp

Run Build Command:"/usr/bin/make" "cmTC_f7db8/fast"
/usr/bin/make -f CMakeFiles/cmTC_f7db8.dir/build.make CMakeFiles/cmTC_f7db8.dir/build
make[1]: Entering directory `/home/mgpeter/Documents/XViz/miniGraphics/Composition/IceT-2-1-1/build/CMakeFiles/CMakeTmp'
Building C object CMakeFiles/cmTC_f7db8.dir/CheckIncludeFile.c.o
/usr/bin/cc     -o CMakeFiles/cmTC_f7db8.dir/CheckIncludeFile.c.o   -c /home/mgpeter/Documents/XViz/miniGraphics/Composition/IceT-2-1-1/build/CMakeFiles/CMakeTmp/CheckIncludeFile.c
Linking C executable cmTC_f7db8
/usr/local/bin/cmake -E cmake_link_script CMakeFiles/cmTC_f7db8.dir/link.txt --verbose=1
/usr/bin/cc       CMakeFiles/cmTC_f7db8.dir/CheckIncludeFile.c.o  -o cmTC_f7db8 -rdynamic 
make[1]: Leaving directory `/home/mgpeter/Documents/XViz/miniGraphics/Composition/IceT-2-1-1/build/CMakeFiles/CMakeTmp'


Determining size of char passed with the following output:
Change Dir: /home/mgpeter/Documents/XViz/miniGraphics/Composition/IceT-2-1-1/build/CMakeFiles/CMakeTmp

Run Build Command:"/usr/bin/make" "cmTC_cf5c6/fast"
/usr/bin/make -f CMakeFiles/cmTC_cf5c6.dir/build.make CMakeFiles/cmTC_cf5c6.dir/build
make[1]: Entering directory `/home/mgpeter/Documents/XViz/miniGraphics/Composition/IceT-2-1-1/build/CMakeFiles/CMakeTmp'
Building C object CMakeFiles/cmTC_cf5c6.dir/ICET_SIZEOF_CHAR.c.o
/usr/bin/cc     -o CMakeFiles/cmTC_cf5c6.dir/ICET_SIZEOF_CHAR.c.o   -c /home/mgpeter/Documents/XViz/miniGraphics/Composition/IceT-2-1-1/build/CMakeFiles/CheckTypeSize/ICET_SIZEOF_CHAR.c
Linking C executable cmTC_cf5c6
/usr/local/bin/cmake -E cmake_link_script CMakeFiles/cmTC_cf5c6.dir/link.txt --verbose=1
/usr/bin/cc       CMakeFiles/cmTC_cf5c6.dir/ICET_SIZEOF_CHAR.c.o  -o cmTC_cf5c6 -rdynamic 
make[1]: Leaving directory `/home/mgpeter/Documents/XViz/miniGraphics/Composition/IceT-2-1-1/build/CMakeFiles/CMakeTmp'


Determining size of short passed with the following output:
Change Dir: /home/mgpeter/Documents/XViz/miniGraphics/Composition/IceT-2-1-1/build/CMakeFiles/CMakeTmp

Run Build Command:"/usr/bin/make" "cmTC_fb36a/fast"
/usr/bin/make -f CMakeFiles/cmTC_fb36a.dir/build.make CMakeFiles/cmTC_fb36a.dir/build
make[1]: Entering directory `/home/mgpeter/Documents/XViz/miniGraphics/Composition/IceT-2-1-1/build/CMakeFiles/CMakeTmp'
Building C object CMakeFiles/cmTC_fb36a.dir/ICET_SIZEOF_SHORT.c.o
/usr/bin/cc     -o CMakeFiles/cmTC_fb36a.dir/ICET_SIZEOF_SHORT.c.o   -c /home/mgpeter/Documents/XViz/miniGraphics/Composition/IceT-2-1-1/build/CMakeFiles/CheckTypeSize/ICET_SIZEOF_SHORT.c
Linking C executable cmTC_fb36a
/usr/local/bin/cmake -E cmake_link_script CMakeFiles/cmTC_fb36a.dir/link.txt --verbose=1
/usr/bin/cc       CMakeFiles/cmTC_fb36a.dir/ICET_SIZEOF_SHORT.c.o  -o cmTC_fb36a -rdynamic 
make[1]: Leaving directory `/home/mgpeter/Documents/XViz/miniGraphics/Composition/IceT-2-1-1/build/CMakeFiles/CMakeTmp'


Determining size of int passed with the following output:
Change Dir: /home/mgpeter/Documents/XViz/miniGraphics/Composition/IceT-2-1-1/build/CMakeFiles/CMakeTmp

Run Build Command:"/usr/bin/make" "cmTC_5f4e1/fast"
/usr/bin/make -f CMakeFiles/cmTC_5f4e1.dir/build.make CMakeFiles/cmTC_5f4e1.dir/build
make[1]: Entering directory `/home/mgpeter/Documents/XViz/miniGraphics/Composition/IceT-2-1-1/build/CMakeFiles/CMakeTmp'
Building C object CMakeFiles/cmTC_5f4e1.dir/ICET_SIZEOF_INT.c.o
/usr/bin/cc     -o CMakeFiles/cmTC_5f4e1.dir/ICET_SIZEOF_INT.c.o   -c /home/mgpeter/Documents/XViz/miniGraphics/Composition/IceT-2-1-1/build/CMakeFiles/CheckTypeSize/ICET_SIZEOF_INT.c
Linking C executable cmTC_5f4e1
/usr/local/bin/cmake -E cmake_link_script CMakeFiles/cmTC_5f4e1.dir/link.txt --verbose=1
/usr/bin/cc       CMakeFiles/cmTC_5f4e1.dir/ICET_SIZEOF_INT.c.o  -o cmTC_5f4e1 -rdynamic 
make[1]: Leaving directory `/home/mgpeter/Documents/XViz/miniGraphics/Composition/IceT-2-1-1/build/CMakeFiles/CMakeTmp'


Determining size of long passed with the following output:
Change Dir: /home/mgpeter/Documents/XViz/miniGraphics/Composition/IceT-2-1-1/build/CMakeFiles/CMakeTmp

Run Build Command:"/usr/bin/make" "cmTC_50faf/fast"
/usr/bin/make -f CMakeFiles/cmTC_50faf.dir/build.make CMakeFiles/cmTC_50faf.dir/build
make[1]: Entering directory `/home/mgpeter/Documents/XViz/miniGraphics/Composition/IceT-2-1-1/build/CMakeFiles/CMakeTmp'
Building C object CMakeFiles/cmTC_50faf.dir/ICET_SIZEOF_LONG.c.o
/usr/bin/cc     -o CMakeFiles/cmTC_50faf.dir/ICET_SIZEOF_LONG.c.o   -c /home/mgpeter/Documents/XViz/miniGraphics/Composition/IceT-2-1-1/build/CMakeFiles/CheckTypeSize/ICET_SIZEOF_LONG.c
Linking C executable cmTC_50faf
/usr/local/bin/cmake -E cmake_link_script CMakeFiles/cmTC_50faf.dir/link.txt --verbose=1
/usr/bin/cc       CMakeFiles/cmTC_50faf.dir/ICET_SIZEOF_LONG.c.o  -o cmTC_50faf -rdynamic 
make[1]: Leaving directory `/home/mgpeter/Documents/XViz/miniGraphics/Composition/IceT-2-1-1/build/CMakeFiles/CMakeTmp'


Determining size of long long passed with the following output:
Change Dir: /home/mgpeter/Documents/XViz/miniGraphics/Composition/IceT-2-1-1/build/CMakeFiles/CMakeTmp

Run Build Command:"/usr/bin/make" "cmTC_3858a/fast"
/usr/bin/make -f CMakeFiles/cmTC_3858a.dir/build.make CMakeFiles/cmTC_3858a.dir/build
make[1]: Entering directory `/home/mgpeter/Documents/XViz/miniGraphics/Composition/IceT-2-1-1/build/CMakeFiles/CMakeTmp'
Building C object CMakeFiles/cmTC_3858a.dir/ICET_SIZEOF_LONG_LONG.c.o
/usr/bin/cc     -o CMakeFiles/cmTC_3858a.dir/ICET_SIZEOF_LONG_LONG.c.o   -c /home/mgpeter/Documents/XViz/miniGraphics/Composition/IceT-2-1-1/build/CMakeFiles/CheckTypeSize/ICET_SIZEOF_LONG_LONG.c
Linking C executable cmTC_3858a
/usr/local/bin/cmake -E cmake_link_script CMakeFiles/cmTC_3858a.dir/link.txt --verbose=1
/usr/bin/cc       CMakeFiles/cmTC_3858a.dir/ICET_SIZEOF_LONG_LONG.c.o  -o cmTC_3858a -rdynamic 
make[1]: Leaving directory `/home/mgpeter/Documents/XViz/miniGraphics/Composition/IceT-2-1-1/build/CMakeFiles/CMakeTmp'


Determining size of float passed with the following output:
Change Dir: /home/mgpeter/Documents/XViz/miniGraphics/Composition/IceT-2-1-1/build/CMakeFiles/CMakeTmp

Run Build Command:"/usr/bin/make" "cmTC_4ad2e/fast"
/usr/bin/make -f CMakeFiles/cmTC_4ad2e.dir/build.make CMakeFiles/cmTC_4ad2e.dir/build
make[1]: Entering directory `/home/mgpeter/Documents/XViz/miniGraphics/Composition/IceT-2-1-1/build/CMakeFiles/CMakeTmp'
Building C object CMakeFiles/cmTC_4ad2e.dir/ICET_SIZEOF_FLOAT.c.o
/usr/bin/cc     -o CMakeFiles/cmTC_4ad2e.dir/ICET_SIZEOF_FLOAT.c.o   -c /home/mgpeter/Documents/XViz/miniGraphics/Composition/IceT-2-1-1/build/CMakeFiles/CheckTypeSize/ICET_SIZEOF_FLOAT.c
Linking C executable cmTC_4ad2e
/usr/local/bin/cmake -E cmake_link_script CMakeFiles/cmTC_4ad2e.dir/link.txt --verbose=1
/usr/bin/cc       CMakeFiles/cmTC_4ad2e.dir/ICET_SIZEOF_FLOAT.c.o  -o cmTC_4ad2e -rdynamic 
make[1]: Leaving directory `/home/mgpeter/Documents/XViz/miniGraphics/Composition/IceT-2-1-1/build/CMakeFiles/CMakeTmp'


Determining size of double passed with the following output:
Change Dir: /home/mgpeter/Documents/XViz/miniGraphics/Composition/IceT-2-1-1/build/CMakeFiles/CMakeTmp

Run Build Command:"/usr/bin/make" "cmTC_208aa/fast"
/usr/bin/make -f CMakeFiles/cmTC_208aa.dir/build.make CMakeFiles/cmTC_208aa.dir/build
make[1]: Entering directory `/home/mgpeter/Documents/XViz/miniGraphics/Composition/IceT-2-1-1/build/CMakeFiles/CMakeTmp'
Building C object CMakeFiles/cmTC_208aa.dir/ICET_SIZEOF_DOUBLE.c.o
/usr/bin/cc     -o CMakeFiles/cmTC_208aa.dir/ICET_SIZEOF_DOUBLE.c.o   -c /home/mgpeter/Documents/XViz/miniGraphics/Composition/IceT-2-1-1/build/CMakeFiles/CheckTypeSize/ICET_SIZEOF_DOUBLE.c
Linking C executable cmTC_208aa
/usr/local/bin/cmake -E cmake_link_script CMakeFiles/cmTC_208aa.dir/link.txt --verbose=1
/usr/bin/cc       CMakeFiles/cmTC_208aa.dir/ICET_SIZEOF_DOUBLE.c.o  -o cmTC_208aa -rdynamic 
make[1]: Leaving directory `/home/mgpeter/Documents/XViz/miniGraphics/Composition/IceT-2-1-1/build/CMakeFiles/CMakeTmp'


Determining size of void* passed with the following output:
Change Dir: /home/mgpeter/Documents/XViz/miniGraphics/Composition/IceT-2-1-1/build/CMakeFiles/CMakeTmp

Run Build Command:"/usr/bin/make" "cmTC_5ee82/fast"
/usr/bin/make -f CMakeFiles/cmTC_5ee82.dir/build.make CMakeFiles/cmTC_5ee82.dir/build
make[1]: Entering directory `/home/mgpeter/Documents/XViz/miniGraphics/Composition/IceT-2-1-1/build/CMakeFiles/CMakeTmp'
Building C object CMakeFiles/cmTC_5ee82.dir/ICET_SIZEOF_VOID_P.c.o
/usr/bin/cc     -o CMakeFiles/cmTC_5ee82.dir/ICET_SIZEOF_VOID_P.c.o   -c /home/mgpeter/Documents/XViz/miniGraphics/Composition/IceT-2-1-1/build/CMakeFiles/CheckTypeSize/ICET_SIZEOF_VOID_P.c
Linking C executable cmTC_5ee82
/usr/local/bin/cmake -E cmake_link_script CMakeFiles/cmTC_5ee82.dir/link.txt --verbose=1
/usr/bin/cc       CMakeFiles/cmTC_5ee82.dir/ICET_SIZEOF_VOID_P.c.o  -o cmTC_5ee82 -rdynamic 
make[1]: Leaving directory `/home/mgpeter/Documents/XViz/miniGraphics/Composition/IceT-2-1-1/build/CMakeFiles/CMakeTmp'


